This is XeTeX, Version 3.14159265-2.6-0.99998 (TeX Live 2017/Debian) (preloaded format=xelatex 2020.7.1)  8 DEC 2020 17:39
entering extended mode
 restricted \write18 enabled.
 %&-line parsing enabled.
**2.tex
(./2.tex
LaTeX2e <2017-04-15>
Babel <3.18> and hyphenation patterns for 84 language(s) loaded.
! Undefined control sequence.
l.1 \سؤال
             {}
The control sequence at the end of the top line
of your error message was never \def'ed. If you have
misspelled it (e.g., `\hobx'), type `I' and the correct
spelling (e.g., `I\hbox'). Otherwise just continue,
and I'll forget about whatever was undefined.


! LaTeX Error: Missing \begin{document}.

See the LaTeX manual or LaTeX Companion for explanation.
Type  H <return>  for immediate help.
 ...                                              
                                                  
l.3 ه
      مان‌طور که در اسلاید‌ها
You're in trouble here.  Try typing  <return>  to proceed.
If that doesn't work, type  X <return>  to quit.

Missing character: There is no ه in font nullfont!
Missing character: There is no م in font nullfont!
Missing character: There is no ا in font nullfont!
Missing character: There is no ن in font nullfont!
Missing character: There is no ‌ in font nullfont!
Missing character: There is no ط in font nullfont!
Missing character: There is no و in font nullfont!
Missing character: There is no ر in font nullfont!
Missing character: There is no ک in font nullfont!
Missing character: There is no ه in font nullfont!
Missing character: There is no د in font nullfont!
Missing character: There is no ر in font nullfont!
Missing character: There is no ا in font nullfont!
Missing character: There is no س in font nullfont!
Missing character: There is no ل in font nullfont!
Missing character: There is no ا in font nullfont!
Missing character: There is no ی in font nullfont!
Missing character: There is no د in font nullfont!
Missing character: There is no ‌ in font nullfont!
Missing character: There is no ه in font nullfont!
Missing character: There is no ا in font nullfont!
LaTeX Font Info:    External font `cmex10' loaded for size
(Font)              <7> on input line 4.
LaTeX Font Info:    External font `cmex10' loaded for size
(Font)              <5> on input line 4.
! Undefined control sequence.
\@footnotetext ...tins {\reset@font \footnotesize 
                                                  \interlinepenalty \interfo...
l.4 \footnote{اسلاید ۷، صفحه ۱۷}
                                              
The control sequence at the end of the top line
of your error message was never \def'ed. If you have
misspelled it (e.g., `\hobx'), type `I' and the correct
spelling (e.g., `I\hbox'). Otherwise just continue,
and I'll forget about whatever was undefined.

! Undefined control sequence.
\@footnotetext ...}\color@begingroup \@makefntext 
                                                  {\rule \z@ \footnotesep \i...
l.4 \footnote{اسلاید ۷، صفحه ۱۷}
                                              
The control sequence at the end of the top line
of your error message was never \def'ed. If you have
misspelled it (e.g., `\hobx'), type `I' and the correct
spelling (e.g., `I\hbox'). Otherwise just continue,
and I'll forget about whatever was undefined.

Missing character: There is no ا in font [lmroman10-regular]:mapping=tex-text;!
Missing character: There is no س in font [lmroman10-regular]:mapping=tex-text;!
Missing character: There is no ل in font [lmroman10-regular]:mapping=tex-text;!
Missing character: There is no ا in font [lmroman10-regular]:mapping=tex-text;!
Missing character: There is no ی in font [lmroman10-regular]:mapping=tex-text;!
Missing character: There is no د in font [lmroman10-regular]:mapping=tex-text;!
Missing character: There is no ۷ in font [lmroman10-regular]:mapping=tex-text;!
Missing character: There is no ، in font [lmroman10-regular]:mapping=tex-text;!
Missing character: There is no ص in font [lmroman10-regular]:mapping=tex-text;!
Missing character: There is no ف in font [lmroman10-regular]:mapping=tex-text;!
Missing character: There is no ح in font [lmroman10-regular]:mapping=tex-text;!
Missing character: There is no ه in font [lmroman10-regular]:mapping=tex-text;!
Missing character: There is no ۱ in font [lmroman10-regular]:mapping=tex-text;!
Missing character: There is no ۷ in font [lmroman10-regular]:mapping=tex-text;!

Overfull \hbox (16.8pt too wide) in paragraph at lines 4--4
[][]\TU/lmr/m/n/10 اسلاید
 []


Overfull \hbox (5.6pt too wide) in paragraph at lines 4--4
\TU/lmr/m/n/10 ۷،
 []


Overfull \hbox (11.2pt too wide) in paragraph at lines 4--4
\TU/lmr/m/n/10 صفحه
 []


Overfull \hbox (5.6pt too wide) in paragraph at lines 4--4
\TU/lmr/m/n/10 ۱۷| 
 []

Missing character: There is no د in font nullfont!
Missing character: There is no ی in font nullfont!
Missing character: There is no د in font nullfont!
Missing character: There is no ی in font nullfont!
Missing character: There is no م in font nullfont!
Missing character: There is no ، in font nullfont!
Missing character: There is no د in font nullfont!
Missing character: There is no ا in font nullfont!
Missing character: There is no ر in font nullfont!
Missing character: There is no ی in font nullfont!
Missing character: There is no م in font nullfont!
Missing character: There is no : in font nullfont!

Overfull \hbox (20.0pt too wide) in paragraph at lines 3--6
[]
 []


Overfull \hbox (4.483pt too wide) in paragraph at lines 3--6
[]
 []


! LaTeX Error: Missing \begin{document}.

See the LaTeX manual or LaTeX Companion for explanation.
Type  H <return>  for immediate help.
 ...                                              
                                                  
l.7 $
     $
You're in trouble here.  Try typing  <return>  to proceed.
If that doesn't work, type  X <return>  to quit.


Overfull \hbox (20.0pt too wide) in paragraph at lines 7--7
[] 
 []


Overfull \hbox (5.71527pt too wide) detected at line 9
[]
 []

)
! Emergency stop.
<*> 2.tex
         
*** (job aborted, no legal \end found)

 
Here is how much of TeX's memory you used:
 13 strings out of 493007
 221 string characters out of 6136720
 61819 words of memory out of 5000000
 4080 multiletter control sequences out of 15000+600000
 3656 words of font info for 16 fonts, out of 8000000 for 9000
 1348 hyphenation exceptions out of 8191
 24i,5n,14p,52b,105s stack positions out of 5000i,500n,10000p,200000b,80000s
No pages of output.
