This is XeTeX, Version 3.14159265-2.6-0.99998 (TeX Live 2017/Debian) (preloaded format=xelatex 2020.7.1)  20 OCT 2020 13:09
entering extended mode
 restricted \write18 enabled.
 %&-line parsing enabled.
**3.tex
(./3.tex
LaTeX2e <2017-04-15>
Babel <3.18> and hyphenation patterns for 84 language(s) loaded.
! Undefined control sequence.
l.1 \سؤال
             {مقدار ویژه و رنک}
The control sequence at the end of the top line
of your error message was never \def'ed. If you have
misspelled it (e.g., `\hobx'), type `I' and the correct
spelling (e.g., `I\hbox'). Otherwise just continue,
and I'll forget about whatever was undefined.


! LaTeX Error: Missing \begin{document}.

See the LaTeX manual or LaTeX Companion for explanation.
Type  H <return>  for immediate help.
 ...                                              
                                                  
l.1 \سؤال{م
                قدار ویژه و رنک}
You're in trouble here.  Try typing  <return>  to proceed.
If that doesn't work, type  X <return>  to quit.

Missing character: There is no م in font nullfont!
Missing character: There is no ق in font nullfont!
Missing character: There is no د in font nullfont!
Missing character: There is no ا in font nullfont!
Missing character: There is no ر in font nullfont!
Missing character: There is no و in font nullfont!
Missing character: There is no ی in font nullfont!
Missing character: There is no ژ in font nullfont!
Missing character: There is no ه in font nullfont!
Missing character: There is no و in font nullfont!
Missing character: There is no ر in font nullfont!
Missing character: There is no ن in font nullfont!
Missing character: There is no ک in font nullfont!
)
! Emergency stop.
<*> 3.tex
         
*** (job aborted, no legal \end found)

 
Here is how much of TeX's memory you used:
 4 strings out of 493007
 18 string characters out of 6136720
 61819 words of memory out of 5000000
 4075 multiletter control sequences out of 15000+600000
 3640 words of font info for 14 fonts, out of 8000000 for 9000
 1348 hyphenation exceptions out of 8191
 5i,0n,4p,31b,16s stack positions out of 5000i,500n,10000p,200000b,80000s
No pages of output.
